# JRE version: OpenJDK Runtime Environment (8.0_242-b01) (build 1.8.0_242-release-1644-b01)
# Java VM: OpenJDK 64-Bit Server VM (25.242-b01 mixed mode windows-amd64 compressed oops)
Heap:
 PSYoungGen      total 313344K, used 119496K [0x00000000eab00000, 0x0000000100000000, 0x0000000100000000)
  eden space 278528K, 33% used [0x00000000eab00000,0x00000000f069d6f0,0x00000000fbb00000)
  from space 34816K, 73% used [0x00000000fdd80000,0x00000000ff6949f0,0x00000000fff80000)
  to   space 35328K, 0% used [0x00000000fbb00000,0x00000000fbb00000,0x00000000fdd80000)
 ParOldGen       total 699392K, used 537214K [0x00000000c0000000, 0x00000000eab00000, 0x00000000eab00000)
  object space 699392K, 76% used [0x00000000c0000000,0x00000000e0c9f9a8,0x00000000eab00000)
 Metaspace       used 161575K, capacity 173363K, committed 178840K, reserved 1204224K
  class space    used 20387K, capacity 22456K, committed 23704K, reserved 1048576K
GC Heap History (10 events):
Event: 27618.132 GC heap before
{Heap before GC invocations=2173 (full 83):
 PSYoungGen      total 309760K, used 296160K [0x00000000eab00000, 0x0000000100000000, 0x0000000100000000)
  eden space 272896K, 100% used [0x00000000eab00000,0x00000000fb580000,0x00000000fb580000)
  from space 36864K, 63% used [0x00000000fb580000,0x00000000fcc38050,0x00000000fd980000)
  to   space 36864K, 0% used [0x00000000fdc00000,0x00000000fdc00000,0x0000000100000000)
 ParOldGen       total 699392K, used 530070K [0x00000000c0000000, 0x00000000eab00000, 0x00000000eab00000)
  object space 699392K, 75% used [0x00000000c0000000,0x00000000e05a59a8,0x00000000eab00000)
 Metaspace       used 161575K, capacity 173363K, committed 178840K, reserved 1204224K
  class space    used 20387K, capacity 22456K, committed 23704K, reserved 1048576K
Event: 27618.174 GC heap after
Heap after GC invocations=2173 (full 83):
 PSYoungGen      total 311296K, used 23264K [0x00000000eab00000, 0x00000000fff00000, 0x0000000100000000)
  eden space 275456K, 0% used [0x00000000eab00000,0x00000000eab00000,0x00000000fb800000)
  from space 35840K, 64% used [0x00000000fdc00000,0x00000000ff2b8050,0x00000000fff00000)
  to   space 36352K, 0% used [0x00000000fb800000,0x00000000fb800000,0x00000000fdb80000)
 ParOldGen       total 699392K, used 531510K [0x00000000c0000000, 0x00000000eab00000, 0x00000000eab00000)
  object space 699392K, 75% used [0x00000000c0000000,0x00000000e070d9a8,0x00000000eab00000)
 Metaspace       used 161575K, capacity 173363K, committed 178840K, reserved 1204224K
  class space    used 20387K, capacity 22456K, committed 23704K, reserved 1048576K
}
Event: 27618.550 GC heap before
{Heap before GC invocations=2174 (full 83):
 PSYoungGen      total 311296K, used 298720K [0x00000000eab00000, 0x00000000fff00000, 0x0000000100000000)
  eden space 275456K, 100% used [0x00000000eab00000,0x00000000fb800000,0x00000000fb800000)
  from space 35840K, 64% used [0x00000000fdc00000,0x00000000ff2b8050,0x00000000fff00000)
  to   space 36352K, 0% used [0x00000000fb800000,0x00000000fb800000,0x00000000fdb80000)
 ParOldGen       total 699392K, used 531510K [0x00000000c0000000, 0x00000000eab00000, 0x00000000eab00000)
  object space 699392K, 75% used [0x00000000c0000000,0x00000000e070d9a8,0x00000000eab00000)
 Metaspace       used 161575K, capacity 173363K, committed 178840K, reserved 1204224K
  class space    used 20387K, capacity 22456K, committed 23704K, reserved 1048576K
Event: 27618.591 GC heap after
Heap after GC invocations=2174 (full 83):
 PSYoungGen      total 311808K, used 23424K [0x00000000eab00000, 0x00000000fff80000, 0x0000000100000000)
  eden space 275456K, 0% used [0x00000000eab00000,0x00000000eab00000,0x00000000fb800000)
  from space 36352K, 64% used [0x00000000fb800000,0x00000000fcee0050,0x00000000fdb80000)
  to   space 35840K, 0% used [0x00000000fdc80000,0x00000000fdc80000,0x00000000fff80000)
 ParOldGen       total 699392K, used 532918K [0x00000000c0000000, 0x00000000eab00000, 0x00000000eab00000)
  object space 699392K, 76% used [0x00000000c0000000,0x00000000e086d9a8,0x00000000eab00000)
 Metaspace       used 161575K, capacity 173363K, committed 178840K, reserved 1204224K
  class space    used 20387K, capacity 22456K, committed 23704K, reserved 1048576K
}
Event: 27618.981 GC heap before
{Heap before GC invocations=2175 (full 83):
 PSYoungGen      total 311808K, used 298880K [0x00000000eab00000, 0x00000000fff80000, 0x0000000100000000)
  eden space 275456K, 100% used [0x00000000eab00000,0x00000000fb800000,0x00000000fb800000)
  from space 36352K, 64% used [0x00000000fb800000,0x00000000fcee0050,0x00000000fdb80000)
  to   space 35840K, 0% used [0x00000000fdc80000,0x00000000fdc80000,0x00000000fff80000)
 ParOldGen       total 699392K, used 532918K [0x00000000c0000000, 0x00000000eab00000, 0x00000000eab00000)
  object space 699392K, 76% used [0x00000000c0000000,0x00000000e086d9a8,0x00000000eab00000)
 Metaspace       used 161575K, capacity 173363K, committed 178840K, reserved 1204224K
  class space    used 20387K, capacity 22456K, committed 23704K, reserved 1048576K
Event: 27619.022 GC heap after
Heap after GC invocations=2175 (full 83):
 PSYoungGen      total 311808K, used 23424K [0x00000000eab00000, 0x00000000ffe80000, 0x0000000100000000)
  eden space 276992K, 0% used [0x00000000eab00000,0x00000000eab00000,0x00000000fb980000)
  from space 34816K, 67% used [0x00000000fdc80000,0x00000000ff360050,0x00000000ffe80000)
  to   space 35328K, 0% used [0x00000000fb980000,0x00000000fb980000,0x00000000fdc00000)
 ParOldGen       total 699392K, used 534398K [0x00000000c0000000, 0x00000000eab00000, 0x00000000eab00000)
  object space 699392K, 76% used [0x00000000c0000000,0x00000000e09df9a8,0x00000000eab00000)
 Metaspace       used 161575K, capacity 173363K, committed 178840K, reserved 1204224K
  class space    used 20387K, capacity 22456K, committed 23704K, reserved 1048576K
}
Event: 27619.377 GC heap before
{Heap before GC invocations=2176 (full 83):
 PSYoungGen      total 311808K, used 300416K [0x00000000eab00000, 0x00000000ffe80000, 0x0000000100000000)
  eden space 276992K, 100% used [0x00000000eab00000,0x00000000fb980000,0x00000000fb980000)
  from space 34816K, 67% used [0x00000000fdc80000,0x00000000ff360050,0x00000000ffe80000)
  to   space 35328K, 0% used [0x00000000fb980000,0x00000000fb980000,0x00000000fdc00000)
 ParOldGen       total 699392K, used 534398K [0x00000000c0000000, 0x00000000eab00000, 0x00000000eab00000)
  object space 699392K, 76% used [0x00000000c0000000,0x00000000e09df9a8,0x00000000eab00000)
 Metaspace       used 161575K, capacity 173363K, committed 178840K, reserved 1204224K
  class space    used 20387K, capacity 22456K, committed 23704K, reserved 1048576K
Event: 27619.414 GC heap after
Heap after GC invocations=2176 (full 83):
 PSYoungGen      total 312320K, used 23680K [0x00000000eab00000, 0x00000000fff80000, 0x0000000100000000)
  eden space 276992K, 0% used [0x00000000eab00000,0x00000000eab00000,0x00000000fb980000)
  from space 35328K, 67% used [0x00000000fb980000,0x00000000fd0a0050,0x00000000fdc00000)
  to   space 34816K, 0% used [0x00000000fdd80000,0x00000000fdd80000,0x00000000fff80000)
 ParOldGen       total 699392K, used 535782K [0x00000000c0000000, 0x00000000eab00000, 0x00000000eab00000)
  object space 699392K, 76% used [0x00000000c0000000,0x00000000e0b399a8,0x00000000eab00000)
 Metaspace       used 161575K, capacity 173363K, committed 178840K, reserved 1204224K
  class space    used 20387K, capacity 22456K, committed 23704K, reserved 1048576K
}
Event: 27619.796 GC heap before
{Heap before GC invocations=2177 (full 83):
 PSYoungGen      total 312320K, used 300672K [0x00000000eab00000, 0x00000000fff80000, 0x0000000100000000)
  eden space 276992K, 100% used [0x00000000eab00000,0x00000000fb980000,0x00000000fb980000)
  from space 35328K, 67% used [0x00000000fb980000,0x00000000fd0a0050,0x00000000fdc00000)
  to   space 34816K, 0% used [0x00000000fdd80000,0x00000000fdd80000,0x00000000fff80000)
 ParOldGen       total 699392K, used 535782K [0x00000000c0000000, 0x00000000eab00000, 0x00000000eab00000)
  object space 699392K, 76% used [0x00000000c0000000,0x00000000e0b399a8,0x00000000eab00000)
 Metaspace       used 161575K, capacity 173363K, committed 178840K, reserved 1204224K
  class space    used 20387K, capacity 22456K, committed 23704K, reserved 1048576K
Event: 27619.845 GC heap after
Heap after GC invocations=2177 (full 83):
 PSYoungGen      total 313344K, used 25682K [0x00000000eab00000, 0x0000000100000000, 0x0000000100000000)
  eden space 278528K, 0% used [0x00000000eab00000,0x00000000eab00000,0x00000000fbb00000)
  from space 34816K, 73% used [0x00000000fdd80000,0x00000000ff6949f0,0x00000000fff80000)
  to   space 35328K, 0% used [0x00000000fbb00000,0x00000000fbb00000,0x00000000fdd80000)
 ParOldGen       total 699392K, used 537214K [0x00000000c0000000, 0x00000000eab00000, 0x00000000eab00000)
  object space 699392K, 76% used [0x00000000c0000000,0x00000000e0c9f9a8,0x00000000eab00000)
 Metaspace       used 161575K, capacity 173363K, committed 178840K, reserved 1204224K
  class space    used 20387K, capacity 22456K, committed 23704K, reserved 1048576K
}

